IBRUN: Command is ./StrawnDaniel_HW6-3
IBRUN: Command is /home/dstrawn/CSCI4576_HW6/StrawnDaniel_HW6-3
IBRUN: no hostfile mod needed
IBRUN: Nodefile is /tmp/iVHzaoMqXK

IBRUN: MPI binding policy: compact/core for 1 threads per rank (12 cores per socket)
IBRUN: Adding MV2_USE_OLD_BCAST=1 to the environment
IBRUN: Adding MV2_CPU_BINDING_LEVEL=core to the environment
IBRUN: Adding MV2_ENABLE_AFFINITY=1 to the environment
IBRUN: Adding MV2_DEFAULT_TIME_OUT=23 to the environment
IBRUN: Adding MV2_CPU_BINDING_POLICY=bunch to the environment
IBRUN: Adding MV2_USE_HUGEPAGES=0 to the environment
IBRUN: Adding MV2_HOMOGENEOUS_CLUSTER=0 to the environment
IBRUN: Adding MV2_USE_UD_HYBRID=0 to the environment
IBRUN: Added 8 new environment variables to the execution environment
IBRUN: Command string is [mpirun_rsh -np 144 -hostfile /tmp/iVHzaoMqXK -export /home/dstrawn/CSCI4576_HW6/StrawnDaniel_HW6-3 -m 144]
Runtime w/ Fox with 144 processes on a 144 n*n matrix: 11200 microseconds
IBRUN: Job ended with value 0
IBRUN: Command is ./StrawnDaniel_HW6-3
IBRUN: Command is /home/dstrawn/CSCI4576_HW6/StrawnDaniel_HW6-3
IBRUN: no hostfile mod needed
IBRUN: Nodefile is /tmp/6OvecV8RwO

IBRUN: MPI binding policy: compact/core for 1 threads per rank (12 cores per socket)
IBRUN: Adding MV2_USE_OLD_BCAST=1 to the environment
IBRUN: Adding MV2_CPU_BINDING_LEVEL=core to the environment
IBRUN: Adding MV2_ENABLE_AFFINITY=1 to the environment
IBRUN: Adding MV2_DEFAULT_TIME_OUT=23 to the environment
IBRUN: Adding MV2_CPU_BINDING_POLICY=bunch to the environment
IBRUN: Adding MV2_USE_HUGEPAGES=0 to the environment
IBRUN: Adding MV2_HOMOGENEOUS_CLUSTER=0 to the environment
IBRUN: Adding MV2_USE_UD_HYBRID=0 to the environment
IBRUN: Added 8 new environment variables to the execution environment
IBRUN: Command string is [mpirun_rsh -np 144 -hostfile /tmp/6OvecV8RwO -export /home/dstrawn/CSCI4576_HW6/StrawnDaniel_HW6-3 -m 576]
Runtime w/ Fox with 144 processes on a 576 n*n matrix: 13419 microseconds
IBRUN: Job ended with value 0
IBRUN: Command is ./StrawnDaniel_HW6-3
IBRUN: Command is /home/dstrawn/CSCI4576_HW6/StrawnDaniel_HW6-3
IBRUN: no hostfile mod needed
IBRUN: Nodefile is /tmp/DiGbdRHICt

IBRUN: MPI binding policy: compact/core for 1 threads per rank (12 cores per socket)
IBRUN: Adding MV2_USE_OLD_BCAST=1 to the environment
IBRUN: Adding MV2_CPU_BINDING_LEVEL=core to the environment
IBRUN: Adding MV2_ENABLE_AFFINITY=1 to the environment
IBRUN: Adding MV2_DEFAULT_TIME_OUT=23 to the environment
IBRUN: Adding MV2_CPU_BINDING_POLICY=bunch to the environment
IBRUN: Adding MV2_USE_HUGEPAGES=0 to the environment
IBRUN: Adding MV2_HOMOGENEOUS_CLUSTER=0 to the environment
IBRUN: Adding MV2_USE_UD_HYBRID=0 to the environment
IBRUN: Added 8 new environment variables to the execution environment
IBRUN: Command string is [mpirun_rsh -np 144 -hostfile /tmp/DiGbdRHICt -export /home/dstrawn/CSCI4576_HW6/StrawnDaniel_HW6-3 -m 1152]
Runtime w/ Fox with 144 processes on a 1152 n*n matrix: 108848 microseconds
IBRUN: Job ended with value 0
IBRUN: Command is ./StrawnDaniel_HW6-3
IBRUN: Command is /home/dstrawn/CSCI4576_HW6/StrawnDaniel_HW6-3
IBRUN: no hostfile mod needed
IBRUN: Nodefile is /tmp/etl0CGJJZS

IBRUN: MPI binding policy: compact/core for 1 threads per rank (12 cores per socket)
IBRUN: Adding MV2_USE_OLD_BCAST=1 to the environment
IBRUN: Adding MV2_CPU_BINDING_LEVEL=core to the environment
IBRUN: Adding MV2_ENABLE_AFFINITY=1 to the environment
IBRUN: Adding MV2_DEFAULT_TIME_OUT=23 to the environment
IBRUN: Adding MV2_CPU_BINDING_POLICY=bunch to the environment
IBRUN: Adding MV2_USE_HUGEPAGES=0 to the environment
IBRUN: Adding MV2_HOMOGENEOUS_CLUSTER=0 to the environment
IBRUN: Adding MV2_USE_UD_HYBRID=0 to the environment
IBRUN: Added 8 new environment variables to the execution environment
IBRUN: Command string is [mpirun_rsh -np 144 -hostfile /tmp/etl0CGJJZS -export /home/dstrawn/CSCI4576_HW6/StrawnDaniel_HW6-3 -m 2304]
Runtime w/ Fox with 144 processes on a 2304 n*n matrix: 313024 microseconds
IBRUN: Job ended with value 0
